0 info it worked if it ends with ok
1 verbose cli [ 'node', '/usr/local/bin/npm', 'publish' ]
2 info using npm@1.3.21
3 info using node@v0.10.24
4 verbose publish [ '.' ]
5 verbose cache add [ '.', null ]
6 verbose cache add name=undefined spec="." args=[".",null]
7 verbose parsed url { protocol: null,
7 verbose parsed url   slashes: null,
7 verbose parsed url   auth: null,
7 verbose parsed url   host: null,
7 verbose parsed url   port: null,
7 verbose parsed url   hostname: null,
7 verbose parsed url   hash: null,
7 verbose parsed url   search: null,
7 verbose parsed url   query: null,
7 verbose parsed url   pathname: '.',
7 verbose parsed url   path: '.',
7 verbose parsed url   href: '.' }
8 silly lockFile 3a52ce78- .
9 verbose lock . /Users/aphorisme/.npm/3a52ce78-.lock
10 verbose tar pack [ '/var/folders/dv/7stq_zdn1l3d2gjj_24n0z800000gn/T/npm-77025-hijXNrPK/1400682450013-0.08831956656649709/tmp.tgz',
10 verbose tar pack   '.' ]
11 verbose tarball /var/folders/dv/7stq_zdn1l3d2gjj_24n0z800000gn/T/npm-77025-hijXNrPK/1400682450013-0.08831956656649709/tmp.tgz
12 verbose folder .
13 info prepublish grunt-amdshim@0.1.0
14 silly lockFile 1f1177db-tar tar://.
15 verbose lock tar://. /Users/aphorisme/.npm/1f1177db-tar.lock
16 silly lockFile ee2192dd-0013-0-08831956656649709-tmp-tgz tar:///var/folders/dv/7stq_zdn1l3d2gjj_24n0z800000gn/T/npm-77025-hijXNrPK/1400682450013-0.08831956656649709/tmp.tgz
17 verbose lock tar:///var/folders/dv/7stq_zdn1l3d2gjj_24n0z800000gn/T/npm-77025-hijXNrPK/1400682450013-0.08831956656649709/tmp.tgz /Users/aphorisme/.npm/ee2192dd-0013-0-08831956656649709-tmp-tgz.lock
18 silly lockFile 1f1177db-tar tar://.
19 silly lockFile 1f1177db-tar tar://.
20 silly lockFile ee2192dd-0013-0-08831956656649709-tmp-tgz tar:///var/folders/dv/7stq_zdn1l3d2gjj_24n0z800000gn/T/npm-77025-hijXNrPK/1400682450013-0.08831956656649709/tmp.tgz
21 silly lockFile ee2192dd-0013-0-08831956656649709-tmp-tgz tar:///var/folders/dv/7stq_zdn1l3d2gjj_24n0z800000gn/T/npm-77025-hijXNrPK/1400682450013-0.08831956656649709/tmp.tgz
22 verbose tar unpack /var/folders/dv/7stq_zdn1l3d2gjj_24n0z800000gn/T/npm-77025-hijXNrPK/1400682450013-0.08831956656649709/tmp.tgz
23 silly lockFile 3aac4075-0013-0-08831956656649709-package tar:///var/folders/dv/7stq_zdn1l3d2gjj_24n0z800000gn/T/npm-77025-hijXNrPK/1400682450013-0.08831956656649709/package
24 verbose lock tar:///var/folders/dv/7stq_zdn1l3d2gjj_24n0z800000gn/T/npm-77025-hijXNrPK/1400682450013-0.08831956656649709/package /Users/aphorisme/.npm/3aac4075-0013-0-08831956656649709-package.lock
25 silly lockFile ee2192dd-0013-0-08831956656649709-tmp-tgz tar:///var/folders/dv/7stq_zdn1l3d2gjj_24n0z800000gn/T/npm-77025-hijXNrPK/1400682450013-0.08831956656649709/tmp.tgz
26 verbose lock tar:///var/folders/dv/7stq_zdn1l3d2gjj_24n0z800000gn/T/npm-77025-hijXNrPK/1400682450013-0.08831956656649709/tmp.tgz /Users/aphorisme/.npm/ee2192dd-0013-0-08831956656649709-tmp-tgz.lock
27 silly gunzTarPerm modes [ '755', '644' ]
28 silly gunzTarPerm extractEntry package.json
29 silly gunzTarPerm extractEntry README.md
30 silly gunzTarPerm extractEntry LICENSE-MIT
31 silly gunzTarPerm extractEntry tasks/amdshim.js
32 silly lockFile 3aac4075-0013-0-08831956656649709-package tar:///var/folders/dv/7stq_zdn1l3d2gjj_24n0z800000gn/T/npm-77025-hijXNrPK/1400682450013-0.08831956656649709/package
33 silly lockFile 3aac4075-0013-0-08831956656649709-package tar:///var/folders/dv/7stq_zdn1l3d2gjj_24n0z800000gn/T/npm-77025-hijXNrPK/1400682450013-0.08831956656649709/package
34 silly lockFile ee2192dd-0013-0-08831956656649709-tmp-tgz tar:///var/folders/dv/7stq_zdn1l3d2gjj_24n0z800000gn/T/npm-77025-hijXNrPK/1400682450013-0.08831956656649709/tmp.tgz
35 silly lockFile ee2192dd-0013-0-08831956656649709-tmp-tgz tar:///var/folders/dv/7stq_zdn1l3d2gjj_24n0z800000gn/T/npm-77025-hijXNrPK/1400682450013-0.08831956656649709/tmp.tgz
36 verbose tar pack [ '/Users/aphorisme/.npm/grunt-amdshim/0.1.0/package.tgz',
36 verbose tar pack   '/var/folders/dv/7stq_zdn1l3d2gjj_24n0z800000gn/T/npm-77025-hijXNrPK/1400682450013-0.08831956656649709/package' ]
37 verbose tarball /Users/aphorisme/.npm/grunt-amdshim/0.1.0/package.tgz
38 verbose folder /var/folders/dv/7stq_zdn1l3d2gjj_24n0z800000gn/T/npm-77025-hijXNrPK/1400682450013-0.08831956656649709/package
39 silly lockFile 3aac4075-0013-0-08831956656649709-package tar:///var/folders/dv/7stq_zdn1l3d2gjj_24n0z800000gn/T/npm-77025-hijXNrPK/1400682450013-0.08831956656649709/package
40 verbose lock tar:///var/folders/dv/7stq_zdn1l3d2gjj_24n0z800000gn/T/npm-77025-hijXNrPK/1400682450013-0.08831956656649709/package /Users/aphorisme/.npm/3aac4075-0013-0-08831956656649709-package.lock
41 silly lockFile 32ee1cd4--grunt-amdshim-0-1-0-package-tgz tar:///Users/aphorisme/.npm/grunt-amdshim/0.1.0/package.tgz
42 verbose lock tar:///Users/aphorisme/.npm/grunt-amdshim/0.1.0/package.tgz /Users/aphorisme/.npm/32ee1cd4--grunt-amdshim-0-1-0-package-tgz.lock
43 silly lockFile 3aac4075-0013-0-08831956656649709-package tar:///var/folders/dv/7stq_zdn1l3d2gjj_24n0z800000gn/T/npm-77025-hijXNrPK/1400682450013-0.08831956656649709/package
44 silly lockFile 3aac4075-0013-0-08831956656649709-package tar:///var/folders/dv/7stq_zdn1l3d2gjj_24n0z800000gn/T/npm-77025-hijXNrPK/1400682450013-0.08831956656649709/package
45 silly lockFile 32ee1cd4--grunt-amdshim-0-1-0-package-tgz tar:///Users/aphorisme/.npm/grunt-amdshim/0.1.0/package.tgz
46 silly lockFile 32ee1cd4--grunt-amdshim-0-1-0-package-tgz tar:///Users/aphorisme/.npm/grunt-amdshim/0.1.0/package.tgz
47 silly lockFile 8604cb70--npm-grunt-amdshim-0-1-0-package /Users/aphorisme/.npm/grunt-amdshim/0.1.0/package
48 verbose lock /Users/aphorisme/.npm/grunt-amdshim/0.1.0/package /Users/aphorisme/.npm/8604cb70--npm-grunt-amdshim-0-1-0-package.lock
49 silly lockFile 8604cb70--npm-grunt-amdshim-0-1-0-package /Users/aphorisme/.npm/grunt-amdshim/0.1.0/package
50 silly lockFile 8604cb70--npm-grunt-amdshim-0-1-0-package /Users/aphorisme/.npm/grunt-amdshim/0.1.0/package
51 verbose tar unpack /Users/aphorisme/.npm/grunt-amdshim/0.1.0/package.tgz
52 silly lockFile ad5753e1--npm-grunt-amdshim-0-1-0-package tar:///Users/aphorisme/.npm/grunt-amdshim/0.1.0/package
53 verbose lock tar:///Users/aphorisme/.npm/grunt-amdshim/0.1.0/package /Users/aphorisme/.npm/ad5753e1--npm-grunt-amdshim-0-1-0-package.lock
54 silly lockFile 32ee1cd4--grunt-amdshim-0-1-0-package-tgz tar:///Users/aphorisme/.npm/grunt-amdshim/0.1.0/package.tgz
55 verbose lock tar:///Users/aphorisme/.npm/grunt-amdshim/0.1.0/package.tgz /Users/aphorisme/.npm/32ee1cd4--grunt-amdshim-0-1-0-package-tgz.lock
56 silly gunzTarPerm modes [ '755', '644' ]
57 silly gunzTarPerm extractEntry package.json
58 silly gunzTarPerm extractEntry README.md
59 silly gunzTarPerm extractEntry LICENSE-MIT
60 silly gunzTarPerm extractEntry tasks/amdshim.js
61 silly lockFile ad5753e1--npm-grunt-amdshim-0-1-0-package tar:///Users/aphorisme/.npm/grunt-amdshim/0.1.0/package
62 silly lockFile ad5753e1--npm-grunt-amdshim-0-1-0-package tar:///Users/aphorisme/.npm/grunt-amdshim/0.1.0/package
63 silly lockFile 32ee1cd4--grunt-amdshim-0-1-0-package-tgz tar:///Users/aphorisme/.npm/grunt-amdshim/0.1.0/package.tgz
64 silly lockFile 32ee1cd4--grunt-amdshim-0-1-0-package-tgz tar:///Users/aphorisme/.npm/grunt-amdshim/0.1.0/package.tgz
65 verbose chmod /Users/aphorisme/.npm/grunt-amdshim/0.1.0/package.tgz 644
66 verbose chown /Users/aphorisme/.npm/grunt-amdshim/0.1.0/package.tgz [ 501, 20 ]
67 silly lockFile 3a52ce78- .
68 silly lockFile 3a52ce78- .
69 silly publish { name: 'grunt-amdshim',
69 silly publish   description: 'Build a define wrapper around javascript libraries to support anonymous amd loading',
69 silly publish   version: '0.1.0',
69 silly publish   homepage: 'https://github.com/benignware/grunt-amdshim',
69 silly publish   author: { name: 'Rafael Nowrotek', url: 'http://benignware.com/' },
69 silly publish   repository:
69 silly publish    { type: 'git',
69 silly publish      url: 'https://github.com/benignware/grunt-amdshim.git' },
69 silly publish   bugs: { url: 'https://github.com/benignware/grunt-amdshim/issues' },
69 silly publish   licenses:
69 silly publish    [ { type: 'MIT',
69 silly publish        url: 'https://github.com/benignware/grunt-amdshim/blob/master/LICENSE-MIT' } ],
69 silly publish   engines: { node: '>=0.10.0' },
69 silly publish   scripts: { test: 'grunt test' },
69 silly publish   dependencies:
69 silly publish    { 'uglify-js': '^2.4.0',
69 silly publish      chalk: '^0.4.0',
69 silly publish      maxmin: '^0.1.0',
69 silly publish      lodash: '^2.4.1' },
69 silly publish   devDependencies:
69 silly publish    { 'grunt-contrib-jshint': '^0.10.0',
69 silly publish      'grunt-contrib-nodeunit': '^0.3.2',
69 silly publish      'grunt-contrib-clean': '^0.5.0',
69 silly publish      'grunt-contrib-internal': '^0.4.2',
69 silly publish      grunt: '^0.4.2' },
69 silly publish   peerDependencies: { grunt: '^0.4.0' },
69 silly publish   keywords: [ 'gruntplugin' ],
69 silly publish   files: [ 'tasks', 'LICENSE-MIT' ],
69 silly publish   readme: 'grunt-amdshim\n=============\nBuild a define wrapper around javascript libraries to support anonymous amd loading. \n\n\nPurpose\n-------\n\nThis grunt plugin provides a build task for making older libraries that do not include the define pattern compatible with amd loaders like requirejs by wrapping the code in an define call. \n\nAlso, most of the javascript libraries expose one or more global variables on the window-object. This can lead to version conflicts when the embedding document also requires those modules.\nThe amdshim tasks controls this by saving and restoring previously set globals and exporting the reference loaded by amd. \n\nTo achieve this, the plugin provides the following options: \n\n<table>\n  <tr>\n    <th>Name</th>\n    <th>Description</th>\n  </tr>\n  <tr>\n    <td>dep</td>\n    <td>An object containing dependencies as name/value pairs</td>\n  </tr>\n  <tr>\n    <td>global</td>\n    <td>An array containing the names of the exposed globals</td>\n  </tr>\n  <tr>\n    <td>exports</td>\n    <td>The name of the variable that should be exported by the module definition</td>\n  </tr>\n</table>\n\nExample\n-------\nConfigure an amdshim for mediaelement.js\n\n```\n// Gruntfile.js\nmodule.exports = function(grunt) {\n  // Project configuration.\n  grunt.initConfig({\n    amdshim: {\n      mediaelement: {\n        src: \'src/lib/mediaelement-hls/build/mediaelement-and-player.js\', \n        dest: \'tmp/lib/mediaelement-hls/build/mediaelement-and-player.js\', \n        options: {\n          dep: {\n            jquery: \'$\'\n          }, \n          global: [\'mejs\', \'MediaElementPlayer\'], \n          exports: \'mejs\'\n        }\n      }\n    }\n  });\n}\ngrunt.registerTask(\'default\', [\'amdshim:mediaelement\']);\n```\n\nExecute the task from the command line:\n```\ngrunt amdshim:mediaelement\n```\n\nNotes\n-----\nNote that this method may not work with javascript libraries that do not only expose their private variables to global access but also directly work with those global references.\n\n  \n \n\n',
69 silly publish   readmeFilename: 'README.md',
69 silly publish   _id: 'grunt-amdshim@0.1.0',
69 silly publish   dist: { shasum: 'dcc5acf1fb18d3f5d9889e5e6f38b979b81efe42' },
69 silly publish   _from: '.' }
70 error need auth auth and email required for publishing
70 error need auth You need to authorize this machine using `npm adduser`
71 error System Darwin 11.4.2
72 error command "node" "/usr/local/bin/npm" "publish"
73 error cwd /Users/aphorisme/Documents/Projekte/Audioguide.me/Workspace/grunt-amdshim
74 error node -v v0.10.24
75 error npm -v 1.3.21
76 error code ENEEDAUTH
77 verbose exit [ 1, true ]
